[INFO] 2025-08-12T19:59:29.654Z - MongoDB Connected: ac-wp1t6aj-shard-00-01.5ty4uzr.mongodb.net
[INFO] 2025-08-12T20:00:17.587Z - MongoDB Connected: ac-wp1t6aj-shard-00-01.5ty4uzr.mongodb.net
[INFO] 2025-08-12T20:04:08.109Z - MongoDB Connected: ac-wp1t6aj-shard-00-02.5ty4uzr.mongodb.net
[INFO] 2025-08-12T20:22:33.811Z - MongoDB Connected: ac-6do1gxl-shard-00-02.vgtj4uh.mongodb.net
[INFO] 2025-08-12T20:24:11.888Z - MongoDB Connected: ac-6do1gxl-shard-00-01.vgtj4uh.mongodb.net
[INFO] 2025-08-12T20:25:39.706Z - MongoDB Connected: ac-6do1gxl-shard-00-01.vgtj4uh.mongodb.net
[INFO] 2025-08-13T08:30:48.747Z - MongoDB Connected: ac-6do1gxl-shard-00-01.vgtj4uh.mongodb.net
[INFO] 2025-08-13T08:37:33.078Z - MongoDB Connected: ac-6do1gxl-shard-00-00.vgtj4uh.mongodb.net
[INFO] 2025-08-13T08:37:48.598Z - MongoDB Connected: ac-6do1gxl-shard-00-02.vgtj4uh.mongodb.net
[INFO] 2025-08-13T08:38:20.220Z - MongoDB Connected: ac-6do1gxl-shard-00-02.vgtj4uh.mongodb.net
[INFO] 2025-08-13T08:38:37.674Z - MongoDB Connected: ac-6do1gxl-shard-00-00.vgtj4uh.mongodb.net
[INFO] 2025-08-13T08:38:44.859Z - MongoDB Connected: ac-6do1gxl-shard-00-00.vgtj4uh.mongodb.net
[INFO] 2025-08-13T08:39:35.056Z - MongoDB Connected: ac-6do1gxl-shard-00-00.vgtj4uh.mongodb.net
[INFO] 2025-08-13T08:40:35.359Z - MongoDB Connected: ac-6do1gxl-shard-00-01.vgtj4uh.mongodb.net
[INFO] 2025-08-13T08:40:56.076Z - MongoDB Connected: ac-6do1gxl-shard-00-02.vgtj4uh.mongodb.net
[INFO] 2025-08-13T08:41:02.862Z - MongoDB Connected: ac-6do1gxl-shard-00-02.vgtj4uh.mongodb.net
[INFO] 2025-08-13T08:41:34.118Z - MongoDB Connected: ac-6do1gxl-shard-00-02.vgtj4uh.mongodb.net
[INFO] 2025-08-13T08:42:04.147Z - MongoDB Connected: ac-6do1gxl-shard-00-00.vgtj4uh.mongodb.net
[INFO] 2025-08-13T08:43:22.681Z - MongoDB Connected: ac-6do1gxl-shard-00-00.vgtj4uh.mongodb.net
[INFO] 2025-08-13T08:43:45.775Z - MongoDB Connected: ac-6do1gxl-shard-00-02.vgtj4uh.mongodb.net
[INFO] 2025-08-13T18:09:29.469Z - MongoDB Connected: ac-6do1gxl-shard-00-00.vgtj4uh.mongodb.net
[INFO] 2025-08-13T18:13:45.870Z - MongoDB Connected: ac-6do1gxl-shard-00-02.vgtj4uh.mongodb.net
[INFO] 2025-08-13T18:13:50.025Z - MongoDB Connected: ac-6do1gxl-shard-00-02.vgtj4uh.mongodb.net
[INFO] 2025-08-13T18:15:00.166Z - MongoDB Connected: ac-6do1gxl-shard-00-02.vgtj4uh.mongodb.net
[INFO] 2025-08-13T18:16:02.885Z - MongoDB Connected: ac-6do1gxl-shard-00-00.vgtj4uh.mongodb.net
[INFO] 2025-08-13T18:20:03.125Z - MongoDB Connected: ac-6do1gxl-shard-00-00.vgtj4uh.mongodb.net
[INFO] 2025-08-13T18:20:12.113Z - MongoDB Connected: ac-6do1gxl-shard-00-00.vgtj4uh.mongodb.net
[INFO] 2025-08-13T18:20:35.865Z - MongoDB Connected: ac-6do1gxl-shard-00-00.vgtj4uh.mongodb.net
[INFO] 2025-08-13T18:20:56.095Z - MongoDB Connected: ac-6do1gxl-shard-00-00.vgtj4uh.mongodb.net
[INFO] 2025-08-13T18:21:04.874Z - MongoDB Connected: ac-6do1gxl-shard-00-01.vgtj4uh.mongodb.net
[INFO] 2025-08-13T18:23:52.713Z - MongoDB Connected: ac-6do1gxl-shard-00-02.vgtj4uh.mongodb.net
[INFO] 2025-08-13T18:23:59.805Z - MongoDB Connected: ac-6do1gxl-shard-00-01.vgtj4uh.mongodb.net
[INFO] 2025-08-13T18:24:44.098Z - MongoDB Connected: ac-6do1gxl-shard-00-00.vgtj4uh.mongodb.net
[INFO] 2025-08-13T18:25:00.419Z - MongoDB Connected: ac-6do1gxl-shard-00-02.vgtj4uh.mongodb.net
[INFO] 2025-08-13T18:25:15.246Z - MongoDB Connected: ac-6do1gxl-shard-00-00.vgtj4uh.mongodb.net
[INFO] 2025-08-13T18:26:39.924Z - MongoDB Connected: ac-6do1gxl-shard-00-00.vgtj4uh.mongodb.net
[INFO] 2025-08-13T18:27:06.306Z - MongoDB Connected: ac-6do1gxl-shard-00-02.vgtj4uh.mongodb.net
[INFO] 2025-08-13T18:27:32.734Z - MongoDB Connected: ac-6do1gxl-shard-00-00.vgtj4uh.mongodb.net
[INFO] 2025-08-13T18:28:17.380Z - MongoDB Connected: ac-6do1gxl-shard-00-02.vgtj4uh.mongodb.net
[INFO] 2025-08-13T18:29:13.860Z - MongoDB Connected: ac-6do1gxl-shard-00-00.vgtj4uh.mongodb.net
[INFO] 2025-08-13T18:29:38.781Z - MongoDB Connected: ac-6do1gxl-shard-00-00.vgtj4uh.mongodb.net
[INFO] 2025-08-13T18:29:49.059Z - MongoDB Connected: ac-6do1gxl-shard-00-02.vgtj4uh.mongodb.net
[INFO] 2025-08-13T18:29:56.526Z - MongoDB Connected: ac-6do1gxl-shard-00-02.vgtj4uh.mongodb.net
[INFO] 2025-08-13T18:30:04.965Z - MongoDB Connected: ac-6do1gxl-shard-00-02.vgtj4uh.mongodb.net
[INFO] 2025-08-13T18:30:30.542Z - MongoDB Connected: ac-6do1gxl-shard-00-02.vgtj4uh.mongodb.net
[INFO] 2025-08-13T18:30:39.958Z - MongoDB Connected: ac-6do1gxl-shard-00-02.vgtj4uh.mongodb.net
[INFO] 2025-08-13T18:30:47.402Z - MongoDB Connected: ac-6do1gxl-shard-00-02.vgtj4uh.mongodb.net
[INFO] 2025-08-13T18:31:02.579Z - MongoDB Connected: ac-6do1gxl-shard-00-02.vgtj4uh.mongodb.net
[INFO] 2025-08-13T18:31:39.058Z - MongoDB Connected: ac-6do1gxl-shard-00-00.vgtj4uh.mongodb.net
[INFO] 2025-08-13T18:31:50.914Z - MongoDB Connected: ac-6do1gxl-shard-00-01.vgtj4uh.mongodb.net
[INFO] 2025-08-13T18:32:11.299Z - MongoDB Connected: ac-6do1gxl-shard-00-00.vgtj4uh.mongodb.net
[INFO] 2025-08-13T18:32:23.836Z - MongoDB Connected: ac-6do1gxl-shard-00-00.vgtj4uh.mongodb.net
[INFO] 2025-08-13T18:32:46.208Z - MongoDB Connected: ac-6do1gxl-shard-00-00.vgtj4uh.mongodb.net
[INFO] 2025-08-13T18:32:51.073Z - MongoDB Connected: ac-6do1gxl-shard-00-01.vgtj4uh.mongodb.net
[INFO] 2025-08-13T18:33:15.637Z - MongoDB Connected: ac-6do1gxl-shard-00-00.vgtj4uh.mongodb.net
[INFO] 2025-08-13T18:36:25.457Z - MongoDB Connected: ac-6do1gxl-shard-00-00.vgtj4uh.mongodb.net
[INFO] 2025-08-13T18:41:05.058Z - MongoDB Connected: ac-6do1gxl-shard-00-00.vgtj4uh.mongodb.net
[INFO] 2025-08-13T18:41:38.682Z - MongoDB Connected: ac-6do1gxl-shard-00-01.vgtj4uh.mongodb.net
[INFO] 2025-08-13T18:42:00.732Z - MongoDB Connected: ac-6do1gxl-shard-00-01.vgtj4uh.mongodb.net
[INFO] 2025-08-13T18:42:08.396Z - MongoDB Connected: ac-6do1gxl-shard-00-01.vgtj4uh.mongodb.net
[INFO] 2025-08-13T18:44:07.998Z - MongoDB Connected: ac-6do1gxl-shard-00-01.vgtj4uh.mongodb.net
[INFO] 2025-08-13T18:44:35.017Z - MongoDB Connected: ac-6do1gxl-shard-00-02.vgtj4uh.mongodb.net
[INFO] 2025-08-13T18:44:46.101Z - MongoDB Connected: ac-6do1gxl-shard-00-02.vgtj4uh.mongodb.net
[INFO] 2025-08-13T18:45:00.700Z - MongoDB Connected: ac-6do1gxl-shard-00-02.vgtj4uh.mongodb.net
[INFO] 2025-08-13T18:45:05.688Z - MongoDB Connected: ac-6do1gxl-shard-00-01.vgtj4uh.mongodb.net
[INFO] 2025-08-13T18:46:02.745Z - MongoDB Connected: ac-6do1gxl-shard-00-00.vgtj4uh.mongodb.net
[INFO] 2025-08-13T18:46:23.737Z - MongoDB Connected: ac-6do1gxl-shard-00-00.vgtj4uh.mongodb.net
[INFO] 2025-08-13T18:47:12.477Z - MongoDB Connected: ac-6do1gxl-shard-00-01.vgtj4uh.mongodb.net
[INFO] 2025-08-13T18:47:33.791Z - MongoDB Connected: ac-6do1gxl-shard-00-00.vgtj4uh.mongodb.net
[INFO] 2025-08-13T18:47:57.056Z - MongoDB Connected: ac-6do1gxl-shard-00-00.vgtj4uh.mongodb.net
[INFO] 2025-08-13T18:48:10.266Z - MongoDB Connected: ac-6do1gxl-shard-00-00.vgtj4uh.mongodb.net
[INFO] 2025-08-13T18:48:19.040Z - MongoDB Connected: ac-6do1gxl-shard-00-00.vgtj4uh.mongodb.net
[INFO] 2025-08-13T18:48:37.897Z - MongoDB Connected: ac-6do1gxl-shard-00-01.vgtj4uh.mongodb.net
[INFO] 2025-08-13T18:48:51.333Z - MongoDB Connected: ac-6do1gxl-shard-00-02.vgtj4uh.mongodb.net
[INFO] 2025-08-13T18:49:03.253Z - MongoDB Connected: ac-6do1gxl-shard-00-02.vgtj4uh.mongodb.net
[INFO] 2025-08-13T18:50:54.351Z - MongoDB Connected: ac-6do1gxl-shard-00-01.vgtj4uh.mongodb.net
[INFO] 2025-08-13T18:51:05.550Z - MongoDB Connected: ac-6do1gxl-shard-00-00.vgtj4uh.mongodb.net
[INFO] 2025-08-13T18:52:43.404Z - MongoDB Connected: ac-6do1gxl-shard-00-01.vgtj4uh.mongodb.net
[INFO] 2025-08-13T18:54:06.270Z - MongoDB Connected: ac-6do1gxl-shard-00-02.vgtj4uh.mongodb.net
[INFO] 2025-08-13T18:54:57.504Z - MongoDB Connected: ac-6do1gxl-shard-00-02.vgtj4uh.mongodb.net
[INFO] 2025-08-13T18:55:09.655Z - MongoDB Connected: ac-6do1gxl-shard-00-00.vgtj4uh.mongodb.net
[INFO] 2025-08-13T18:56:18.367Z - MongoDB Connected: ac-6do1gxl-shard-00-01.vgtj4uh.mongodb.net
[INFO] 2025-08-13T18:56:29.429Z - MongoDB Connected: ac-6do1gxl-shard-00-02.vgtj4uh.mongodb.net
[INFO] 2025-08-13T18:59:09.485Z - MongoDB Connected: ac-6do1gxl-shard-00-00.vgtj4uh.mongodb.net
[INFO] 2025-08-13T19:00:37.210Z - MongoDB Connected: ac-6do1gxl-shard-00-02.vgtj4uh.mongodb.net
[INFO] 2025-08-13T19:02:11.650Z - MongoDB Connected: ac-6do1gxl-shard-00-01.vgtj4uh.mongodb.net
[INFO] 2025-08-13T19:02:26.770Z - MongoDB Connected: ac-6do1gxl-shard-00-02.vgtj4uh.mongodb.net
[INFO] 2025-08-13T19:02:41.705Z - MongoDB Connected: ac-6do1gxl-shard-00-01.vgtj4uh.mongodb.net
[INFO] 2025-08-13T19:03:09.720Z - MongoDB Connected: ac-6do1gxl-shard-00-00.vgtj4uh.mongodb.net
[INFO] 2025-08-13T19:03:34.335Z - MongoDB Connected: ac-6do1gxl-shard-00-01.vgtj4uh.mongodb.net
[INFO] 2025-08-13T19:04:32.947Z - MongoDB Connected: ac-6do1gxl-shard-00-02.vgtj4uh.mongodb.net
[INFO] 2025-08-13T19:04:47.520Z - MongoDB Connected: ac-6do1gxl-shard-00-02.vgtj4uh.mongodb.net
[INFO] 2025-08-13T19:05:37.857Z - MongoDB Connected: ac-6do1gxl-shard-00-02.vgtj4uh.mongodb.net
[INFO] 2025-08-13T19:05:55.157Z - MongoDB Connected: ac-6do1gxl-shard-00-01.vgtj4uh.mongodb.net
[INFO] 2025-08-13T19:06:29.525Z - MongoDB Connected: ac-6do1gxl-shard-00-01.vgtj4uh.mongodb.net
[INFO] 2025-08-13T19:06:58.909Z - Stories fetched successfully
[INFO] 2025-08-13T19:08:26.392Z - Stories fetched successfully
[INFO] 2025-08-13T19:08:49.114Z - MongoDB Connected: ac-6do1gxl-shard-00-01.vgtj4uh.mongodb.net
[INFO] 2025-08-13T19:08:58.706Z - Stories fetched successfully
[INFO] 2025-08-13T19:09:03.292Z - Stories fetched successfully
[INFO] 2025-08-13T19:09:21.687Z - MongoDB Connected: ac-6do1gxl-shard-00-00.vgtj4uh.mongodb.net
[INFO] 2025-08-13T19:10:16.468Z - MongoDB Connected: ac-6do1gxl-shard-00-02.vgtj4uh.mongodb.net
[INFO] 2025-08-13T19:11:34.139Z - MongoDB Connected: ac-6do1gxl-shard-00-00.vgtj4uh.mongodb.net
[INFO] 2025-08-13T19:12:41.604Z - MongoDB Connected: ac-6do1gxl-shard-00-00.vgtj4uh.mongodb.net
[INFO] 2025-08-13T19:12:56.401Z - MongoDB Connected: ac-6do1gxl-shard-00-01.vgtj4uh.mongodb.net
[INFO] 2025-08-13T19:13:33.154Z - MongoDB Connected: ac-6do1gxl-shard-00-00.vgtj4uh.mongodb.net
[INFO] 2025-08-13T19:14:18.128Z - MongoDB Connected: ac-6do1gxl-shard-00-01.vgtj4uh.mongodb.net
[INFO] 2025-08-13T19:14:56.600Z - MongoDB Connected: ac-6do1gxl-shard-00-01.vgtj4uh.mongodb.net
[INFO] 2025-08-13T19:19:22.676Z - MongoDB Connected: ac-6do1gxl-shard-00-01.vgtj4uh.mongodb.net
[INFO] 2025-08-13T19:19:31.809Z - Stories fetched successfully
[INFO] 2025-08-13T19:19:33.409Z - Stories fetched successfully
[INFO] 2025-08-13T19:31:39.504Z - MongoDB Connected: ac-6do1gxl-shard-00-02.vgtj4uh.mongodb.net
[INFO] 2025-08-13T19:31:47.007Z - MongoDB Connected: ac-6do1gxl-shard-00-01.vgtj4uh.mongodb.net
[INFO] 2025-08-13T19:37:16.358Z - MongoDB Connected: ac-6do1gxl-shard-00-00.vgtj4uh.mongodb.net
[INFO] 2025-08-13T19:37:35.697Z - Stories fetched successfully
[INFO] 2025-08-13T19:38:30.787Z - MongoDB Connected: ac-6do1gxl-shard-00-02.vgtj4uh.mongodb.net
[INFO] 2025-08-13T19:38:41.528Z - Stories fetched successfully
[INFO] 2025-08-13T19:41:23.018Z - MongoDB Connected: ac-6do1gxl-shard-00-02.vgtj4uh.mongodb.net
[INFO] 2025-08-13T19:41:29.315Z - Imported 8 stories successfully!
[INFO] 2025-08-13T19:42:15.581Z - MongoDB Connected: ac-6do1gxl-shard-00-01.vgtj4uh.mongodb.net
[INFO] 2025-08-13T19:42:35.163Z - Stories fetched successfully
[INFO] 2025-08-13T19:43:29.193Z - MongoDB Connected: ac-6do1gxl-shard-00-00.vgtj4uh.mongodb.net
[INFO] 2025-08-13T19:43:34.186Z - Stories fetched successfully
[INFO] 2025-08-13T19:43:37.655Z - Stories fetched successfully
[INFO] 2025-08-13T19:43:58.693Z - MongoDB Connected: ac-6do1gxl-shard-00-00.vgtj4uh.mongodb.net
[INFO] 2025-08-13T19:44:00.866Z - Stories fetched successfully
[INFO] 2025-08-13T19:44:10.720Z - Stories fetched successfully
[INFO] 2025-08-13T19:44:39.797Z - MongoDB Connected: ac-6do1gxl-shard-00-00.vgtj4uh.mongodb.net
[INFO] 2025-08-13T19:44:42.882Z - Stories fetched successfully
[INFO] 2025-08-13T19:45:30.631Z - Stories fetched successfully
[INFO] 2025-08-13T19:45:32.140Z - Stories fetched successfully
[INFO] 2025-08-13T19:45:33.642Z - Stories fetched successfully
[INFO] 2025-08-13T19:45:35.939Z - Stories fetched successfully
[INFO] 2025-08-13T19:45:55.505Z - MongoDB Connected: ac-6do1gxl-shard-00-00.vgtj4uh.mongodb.net
[INFO] 2025-08-13T19:45:57.559Z - Stories fetched successfully
[INFO] 2025-08-13T19:46:01.738Z - Stories fetched successfully
[INFO] 2025-08-13T19:46:22.916Z - MongoDB Connected: ac-6do1gxl-shard-00-00.vgtj4uh.mongodb.net
[INFO] 2025-08-14T14:42:00.835Z - MongoDB Connected: ac-6do1gxl-shard-00-02.vgtj4uh.mongodb.net
[INFO] 2025-08-14T14:46:30.215Z - Stories fetched successfully
[INFO] 2025-08-14T14:49:31.002Z - MongoDB Connected: ac-6do1gxl-shard-00-00.vgtj4uh.mongodb.net
[INFO] 2025-08-14T14:50:10.822Z - MongoDB Connected: ac-6do1gxl-shard-00-00.vgtj4uh.mongodb.net
[INFO] 2025-08-14T14:56:21.843Z - MongoDB Connected: ac-6do1gxl-shard-00-02.vgtj4uh.mongodb.net
[INFO] 2025-08-14T14:59:21.325Z - MongoDB Connected: ac-6do1gxl-shard-00-01.vgtj4uh.mongodb.net
[INFO] 2025-08-14T14:59:37.229Z - MongoDB Connected: ac-6do1gxl-shard-00-00.vgtj4uh.mongodb.net
[INFO] 2025-08-14T15:00:14.400Z - MongoDB Connected: ac-6do1gxl-shard-00-00.vgtj4uh.mongodb.net
[INFO] 2025-08-14T15:01:07.836Z - MongoDB Connected: ac-6do1gxl-shard-00-00.vgtj4uh.mongodb.net
[INFO] 2025-08-14T15:02:21.799Z - MongoDB Connected: ac-6do1gxl-shard-00-00.vgtj4uh.mongodb.net
[INFO] 2025-08-14T15:02:39.841Z - MongoDB Connected: ac-6do1gxl-shard-00-02.vgtj4uh.mongodb.net
[INFO] 2025-08-14T15:03:07.944Z - MongoDB Connected: ac-6do1gxl-shard-00-02.vgtj4uh.mongodb.net
[INFO] 2025-08-14T15:04:21.430Z - MongoDB Connected: ac-6do1gxl-shard-00-00.vgtj4uh.mongodb.net
[INFO] 2025-08-14T15:04:58.582Z - MongoDB Connected: ac-6do1gxl-shard-00-02.vgtj4uh.mongodb.net
[INFO] 2025-08-14T15:06:03.256Z - Stories fetched successfully
[INFO] 2025-08-14T15:06:49.304Z - Stories fetched successfully
[INFO] 2025-08-14T15:11:18.769Z - MongoDB Connected: ac-6do1gxl-shard-00-00.vgtj4uh.mongodb.net
[INFO] 2025-08-14T15:12:05.122Z - MongoDB Connected: ac-6do1gxl-shard-00-00.vgtj4uh.mongodb.net
[INFO] 2025-08-14T15:12:32.948Z - Stories fetched successfully
[INFO] 2025-08-14T15:13:06.824Z - Stories fetched successfully
[INFO] 2025-08-14T15:15:11.718Z - MongoDB Connected: ac-6do1gxl-shard-00-02.vgtj4uh.mongodb.net
[INFO] 2025-08-14T15:15:13.611Z - Stories fetched successfully
[INFO] 2025-08-14T15:18:43.824Z - MongoDB Connected: ac-6do1gxl-shard-00-00.vgtj4uh.mongodb.net
[INFO] 2025-08-14T15:19:23.942Z - MongoDB Connected: ac-6do1gxl-shard-00-01.vgtj4uh.mongodb.net
[INFO] 2025-08-14T15:19:46.345Z - MongoDB Connected: ac-6do1gxl-shard-00-01.vgtj4uh.mongodb.net
[INFO] 2025-08-14T15:20:22.979Z - MongoDB Connected: ac-6do1gxl-shard-00-02.vgtj4uh.mongodb.net
[INFO] 2025-08-14T15:20:25.531Z - Stories fetched successfully
[INFO] 2025-08-14T15:24:11.505Z - MongoDB Connected: ac-6do1gxl-shard-00-02.vgtj4uh.mongodb.net
[INFO] 2025-08-14T15:25:15.321Z - MongoDB Connected: ac-6do1gxl-shard-00-01.vgtj4uh.mongodb.net
[INFO] 2025-08-14T15:26:11.051Z - Stories fetched successfully
[INFO] 2025-08-14T15:26:21.707Z - Stories fetched successfully
[INFO] 2025-08-14T15:28:28.163Z - MongoDB Connected: ac-6do1gxl-shard-00-00.vgtj4uh.mongodb.net
[INFO] 2025-08-14T15:28:58.993Z - MongoDB Connected: ac-6do1gxl-shard-00-01.vgtj4uh.mongodb.net
[INFO] 2025-08-14T15:29:04.489Z - MongoDB Connected: ac-6do1gxl-shard-00-01.vgtj4uh.mongodb.net
[INFO] 2025-08-14T15:29:06.124Z - Stories fetched successfully
[INFO] 2025-08-14T15:29:13.161Z - Stories fetched successfully
[INFO] 2025-08-14T15:32:04.348Z - MongoDB Connected: ac-6do1gxl-shard-00-01.vgtj4uh.mongodb.net
[INFO] 2025-08-14T15:32:48.007Z - MongoDB Connected: ac-6do1gxl-shard-00-02.vgtj4uh.mongodb.net
[INFO] 2025-08-14T15:33:24.148Z - MongoDB Connected: ac-6do1gxl-shard-00-01.vgtj4uh.mongodb.net
[INFO] 2025-08-14T15:33:38.087Z - MongoDB Connected: ac-6do1gxl-shard-00-00.vgtj4uh.mongodb.net
[INFO] 2025-08-14T15:34:11.528Z - MongoDB Connected: ac-6do1gxl-shard-00-01.vgtj4uh.mongodb.net
[INFO] 2025-08-14T15:34:33.976Z - MongoDB Connected: ac-6do1gxl-shard-00-02.vgtj4uh.mongodb.net
[INFO] 2025-08-14T15:34:38.509Z - MongoDB Connected: ac-6do1gxl-shard-00-02.vgtj4uh.mongodb.net
[INFO] 2025-08-14T15:34:52.828Z - MongoDB Connected: ac-6do1gxl-shard-00-01.vgtj4uh.mongodb.net
[INFO] 2025-08-14T15:34:58.471Z - MongoDB Connected: ac-6do1gxl-shard-00-02.vgtj4uh.mongodb.net
[INFO] 2025-08-14T15:34:59.983Z - Stories fetched successfully
[INFO] 2025-08-14T15:35:03.908Z - Stories fetched successfully
[INFO] 2025-08-14T15:35:21.353Z - MongoDB Connected: ac-6do1gxl-shard-00-02.vgtj4uh.mongodb.net
[INFO] 2025-08-14T15:43:40.678Z - MongoDB Connected: ac-6do1gxl-shard-00-02.vgtj4uh.mongodb.net
[INFO] 2025-08-14T15:47:20.305Z - MongoDB Connected: ac-6do1gxl-shard-00-02.vgtj4uh.mongodb.net
[INFO] 2025-08-14T15:53:34.583Z - MongoDB Connected: ac-6do1gxl-shard-00-01.vgtj4uh.mongodb.net
[INFO] 2025-08-14T15:53:47.731Z - MongoDB Connected: ac-6do1gxl-shard-00-00.vgtj4uh.mongodb.net
[INFO] 2025-08-14T15:54:08.768Z - MongoDB Connected: ac-6do1gxl-shard-00-00.vgtj4uh.mongodb.net
[INFO] 2025-08-14T15:54:51.494Z - MongoDB Connected: ac-6do1gxl-shard-00-02.vgtj4uh.mongodb.net
[INFO] 2025-08-14T15:55:03.680Z - Stories fetched successfully
[INFO] 2025-08-14T15:55:08.146Z - Stories fetched successfully
[INFO] 2025-08-14T15:56:16.518Z - Stories fetched successfully
[INFO] 2025-08-14T15:56:34.492Z - Stories fetched successfully
[INFO] 2025-08-14T15:58:28.455Z - MongoDB Connected: ac-6do1gxl-shard-00-02.vgtj4uh.mongodb.net
[INFO] 2025-08-14T15:59:19.952Z - MongoDB Connected: ac-6do1gxl-shard-00-02.vgtj4uh.mongodb.net
[INFO] 2025-08-14T15:59:38.949Z - Stories fetched successfully
[INFO] 2025-08-14T16:10:45.113Z - MongoDB Connected: ac-6do1gxl-shard-00-00.vgtj4uh.mongodb.net
[INFO] 2025-08-14T16:17:12.474Z - MongoDB Connected: ac-6do1gxl-shard-00-02.vgtj4uh.mongodb.net
[INFO] 2025-08-14T16:17:47.169Z - MongoDB Connected: ac-6do1gxl-shard-00-00.vgtj4uh.mongodb.net
[INFO] 2025-08-14T16:17:59.428Z - MongoDB Connected: ac-6do1gxl-shard-00-02.vgtj4uh.mongodb.net
[INFO] 2025-08-14T16:18:05.598Z - MongoDB Connected: ac-6do1gxl-shard-00-02.vgtj4uh.mongodb.net
[INFO] 2025-08-14T16:20:32.205Z - MongoDB Connected: ac-6do1gxl-shard-00-00.vgtj4uh.mongodb.net
[INFO] 2025-08-14T16:22:15.382Z - Stories fetched successfully
[INFO] 2025-08-14T16:22:26.981Z - Stories fetched successfully
[INFO] 2025-08-14T16:22:43.775Z - Stories fetched successfully
[INFO] 2025-08-14T16:29:23.091Z - Stories fetched successfully
[INFO] 2025-08-14T16:29:38.635Z - Stories fetched successfully
[INFO] 2025-08-14T16:30:33.439Z - Stories fetched successfully
[INFO] 2025-08-14T16:31:21.775Z - MongoDB Connected: ac-6do1gxl-shard-00-02.vgtj4uh.mongodb.net
[INFO] 2025-08-14T16:31:25.903Z - Stories fetched successfully
[INFO] 2025-08-14T16:31:33.591Z - Stories fetched successfully
[INFO] 2025-08-14T16:31:55.571Z - MongoDB Connected: ac-6do1gxl-shard-00-02.vgtj4uh.mongodb.net
[INFO] 2025-08-14T16:32:46.450Z - MongoDB Connected: ac-6do1gxl-shard-00-01.vgtj4uh.mongodb.net
[INFO] 2025-08-14T16:38:00.291Z - Stories fetched successfully
[INFO] 2025-08-14T16:38:14.549Z - Stories fetched successfully
[INFO] 2025-08-14T16:40:59.185Z - MongoDB Connected: ac-6do1gxl-shard-00-01.vgtj4uh.mongodb.net
[INFO] 2025-08-14T16:41:05.908Z - Stories fetched successfully
[INFO] 2025-08-14T16:41:13.273Z - Stories fetched successfully
[INFO] 2025-08-14T16:42:02.361Z - MongoDB Connected: ac-6do1gxl-shard-00-00.vgtj4uh.mongodb.net
[INFO] 2025-08-14T16:42:14.349Z - Stories fetched successfully
[INFO] 2025-08-14T16:42:35.564Z - Stories fetched successfully
[INFO] 2025-08-14T16:42:45.882Z - MongoDB Connected: ac-6do1gxl-shard-00-00.vgtj4uh.mongodb.net
[INFO] 2025-08-14T16:43:29.229Z - MongoDB Connected: ac-6do1gxl-shard-00-00.vgtj4uh.mongodb.net
[INFO] 2025-08-14T16:43:47.772Z - Stories fetched successfully
[INFO] 2025-08-14T16:45:13.417Z - MongoDB Connected: ac-6do1gxl-shard-00-01.vgtj4uh.mongodb.net
[INFO] 2025-08-15T07:46:48.235Z - MongoDB Connected: ac-6do1gxl-shard-00-01.vgtj4uh.mongodb.net
[INFO] 2025-08-15T07:48:38.346Z - MongoDB Connected: ac-6do1gxl-shard-00-02.vgtj4uh.mongodb.net
[INFO] 2025-08-15T10:16:14.586Z - MongoDB Connected: ac-6do1gxl-shard-00-02.vgtj4uh.mongodb.net
[INFO] 2025-08-15T10:16:49.187Z - MongoDB Connected: ac-6do1gxl-shard-00-02.vgtj4uh.mongodb.net
[INFO] 2025-08-15T10:17:24.612Z - MongoDB Connected: ac-6do1gxl-shard-00-02.vgtj4uh.mongodb.net
[INFO] 2025-08-15T10:17:42.556Z - Stories fetched successfully
[INFO] 2025-08-15T10:19:51.431Z - MongoDB Connected: ac-6do1gxl-shard-00-02.vgtj4uh.mongodb.net
[INFO] 2025-08-15T10:21:22.788Z - MongoDB Connected: ac-6do1gxl-shard-00-01.vgtj4uh.mongodb.net
[INFO] 2025-08-15T10:55:17.356Z - MongoDB Connected: ac-6do1gxl-shard-00-02.vgtj4uh.mongodb.net
[INFO] 2025-08-15T10:55:22.998Z - Stories fetched successfully
[INFO] 2025-08-15T10:55:28.146Z - Stories fetched successfully
[INFO] 2025-08-15T10:55:30.703Z - Stories fetched successfully
[INFO] 2025-08-15T10:55:33.161Z - Stories fetched successfully
[INFO] 2025-08-15T10:55:34.564Z - Stories fetched successfully
[INFO] 2025-08-15T10:56:48.817Z - Stories fetched successfully
[INFO] 2025-08-15T10:57:10.718Z - MongoDB Connected: ac-6do1gxl-shard-00-02.vgtj4uh.mongodb.net
[INFO] 2025-08-15T10:57:16.714Z - Stories fetched successfully
[INFO] 2025-08-15T10:57:18.560Z - Stories fetched successfully
[INFO] 2025-08-15T10:57:19.735Z - Stories fetched successfully
[INFO] 2025-08-15T10:57:39.166Z - MongoDB Connected: ac-6do1gxl-shard-00-02.vgtj4uh.mongodb.net
[INFO] 2025-08-15T10:57:42.950Z - Stories fetched successfully
[INFO] 2025-08-15T10:57:44.886Z - Stories fetched successfully
[INFO] 2025-08-15T10:57:56.492Z - Stories fetched successfully
[INFO] 2025-08-15T10:59:26.579Z - MongoDB Connected: ac-6do1gxl-shard-00-00.vgtj4uh.mongodb.net
[INFO] 2025-08-15T11:01:11.793Z - MongoDB Connected: ac-6do1gxl-shard-00-01.vgtj4uh.mongodb.net
[INFO] 2025-08-15T11:04:15.441Z - MongoDB Connected: ac-6do1gxl-shard-00-02.vgtj4uh.mongodb.net
[INFO] 2025-08-15T11:04:46.496Z - MongoDB Connected: ac-6do1gxl-shard-00-02.vgtj4uh.mongodb.net
[INFO] 2025-08-15T11:05:05.159Z - MongoDB Connected: ac-6do1gxl-shard-00-02.vgtj4uh.mongodb.net
[INFO] 2025-08-15T11:05:18.009Z - MongoDB Connected: ac-6do1gxl-shard-00-01.vgtj4uh.mongodb.net
[INFO] 2025-08-15T11:05:34.274Z - MongoDB Connected: ac-6do1gxl-shard-00-02.vgtj4uh.mongodb.net
[INFO] 2025-08-15T11:05:41.732Z - MongoDB Connected: ac-6do1gxl-shard-00-02.vgtj4uh.mongodb.net
[INFO] 2025-08-15T11:05:59.489Z - MongoDB Connected: ac-6do1gxl-shard-00-02.vgtj4uh.mongodb.net
[INFO] 2025-08-15T11:06:45.911Z - MongoDB Connected: ac-6do1gxl-shard-00-02.vgtj4uh.mongodb.net
[INFO] 2025-08-15T11:08:33.479Z - MongoDB Connected: ac-6do1gxl-shard-00-00.vgtj4uh.mongodb.net
[INFO] 2025-08-15T11:08:52.933Z - MongoDB Connected: ac-6do1gxl-shard-00-02.vgtj4uh.mongodb.net
[INFO] 2025-08-15T11:10:54.014Z - MongoDB Connected: ac-6do1gxl-shard-00-01.vgtj4uh.mongodb.net
[INFO] 2025-08-15T11:11:00.219Z - MongoDB Connected: ac-6do1gxl-shard-00-00.vgtj4uh.mongodb.net
[INFO] 2025-08-15T11:11:51.695Z - Stories fetched successfully
[INFO] 2025-08-15T11:12:41.875Z - Story with ID 689cea69d3ee0c8c24c8f514 fetched successfully
[INFO] 2025-08-15T11:13:27.639Z - MongoDB Connected: ac-6do1gxl-shard-00-02.vgtj4uh.mongodb.net
[INFO] 2025-08-15T11:15:15.621Z - MongoDB Connected: ac-6do1gxl-shard-00-01.vgtj4uh.mongodb.net
[INFO] 2025-08-15T11:15:15.804Z - Story with ID 689cea69d3ee0c8c24c8f514 fetched successfully
[INFO] 2025-08-15T11:15:48.790Z - MongoDB Connected: ac-6do1gxl-shard-00-00.vgtj4uh.mongodb.net
[INFO] 2025-08-15T11:15:53.714Z - Story with ID 689cea69d3ee0c8c24c8f514 fetched successfully
[INFO] 2025-08-15T11:16:01.117Z - Story with ID 689cea69d3ee0c8c24c8f514 fetched successfully
[INFO] 2025-08-15T12:16:18.021Z - MongoDB Connected: ac-6do1gxl-shard-00-02.vgtj4uh.mongodb.net
[INFO] 2025-08-15T12:21:35.224Z - MongoDB Connected: ac-6do1gxl-shard-00-01.vgtj4uh.mongodb.net
[INFO] 2025-08-15T12:22:15.465Z - Story with ID 689cea69d3ee0c8c24c8f514 fetched successfully
[INFO] 2025-08-15T12:22:18.562Z - Story with ID 689cea69d3ee0c8c24c8f514 fetched successfully
[INFO] 2025-08-15T12:23:43.071Z - MongoDB Connected: ac-6do1gxl-shard-00-01.vgtj4uh.mongodb.net
[INFO] 2025-08-15T12:25:21.433Z - MongoDB Connected: ac-6do1gxl-shard-00-00.vgtj4uh.mongodb.net
[INFO] 2025-08-15T12:25:33.246Z - MongoDB Connected: ac-6do1gxl-shard-00-02.vgtj4uh.mongodb.net
[INFO] 2025-08-15T12:26:05.939Z - MongoDB Connected: ac-6do1gxl-shard-00-01.vgtj4uh.mongodb.net
[INFO] 2025-08-15T12:27:14.585Z - MongoDB Connected: ac-6do1gxl-shard-00-01.vgtj4uh.mongodb.net
[INFO] 2025-08-15T12:27:15.705Z - Story with ID 689cea69d3ee0c8c24c8f514 fetched successfully
[INFO] 2025-08-15T12:29:23.878Z - MongoDB Connected: ac-6do1gxl-shard-00-00.vgtj4uh.mongodb.net
[INFO] 2025-08-15T12:29:27.827Z - Story with ID 689cea69d3ee0c8c24c8f514 fetched successfully
[INFO] 2025-08-15T12:32:00.809Z - MongoDB Connected: ac-6do1gxl-shard-00-02.vgtj4uh.mongodb.net
[INFO] 2025-08-15T12:32:06.490Z - MongoDB Connected: ac-6do1gxl-shard-00-02.vgtj4uh.mongodb.net
[INFO] 2025-08-15T12:32:12.628Z - MongoDB Connected: ac-6do1gxl-shard-00-00.vgtj4uh.mongodb.net
[INFO] 2025-08-15T12:32:22.107Z - MongoDB Connected: ac-6do1gxl-shard-00-00.vgtj4uh.mongodb.net
[INFO] 2025-08-15T12:32:46.492Z - MongoDB Connected: ac-6do1gxl-shard-00-00.vgtj4uh.mongodb.net
[INFO] 2025-08-15T12:33:10.271Z - MongoDB Connected: ac-6do1gxl-shard-00-01.vgtj4uh.mongodb.net
[INFO] 2025-08-15T12:50:51.390Z - MongoDB Connected: ac-6do1gxl-shard-00-00.vgtj4uh.mongodb.net
[INFO] 2025-08-15T12:51:26.978Z - MongoDB Connected: ac-6do1gxl-shard-00-01.vgtj4uh.mongodb.net
[INFO] 2025-08-15T12:51:58.009Z - MongoDB Connected: ac-6do1gxl-shard-00-02.vgtj4uh.mongodb.net
[INFO] 2025-08-15T12:52:23.603Z - MongoDB Connected: ac-6do1gxl-shard-00-01.vgtj4uh.mongodb.net
[INFO] 2025-08-15T12:52:40.630Z - MongoDB Connected: ac-6do1gxl-shard-00-01.vgtj4uh.mongodb.net
[INFO] 2025-08-15T12:53:31.473Z - MongoDB Connected: ac-6do1gxl-shard-00-01.vgtj4uh.mongodb.net
[INFO] 2025-08-15T12:58:15.829Z - MongoDB Connected: ac-6do1gxl-shard-00-01.vgtj4uh.mongodb.net
[INFO] 2025-08-15T12:58:35.490Z - MongoDB Connected: ac-6do1gxl-shard-00-01.vgtj4uh.mongodb.net
[INFO] 2025-08-15T12:59:11.918Z - MongoDB Connected: ac-6do1gxl-shard-00-01.vgtj4uh.mongodb.net
[INFO] 2025-08-15T13:02:23.174Z - MongoDB Connected: ac-6do1gxl-shard-00-01.vgtj4uh.mongodb.net
[INFO] 2025-08-15T13:03:26.194Z - MongoDB Connected: ac-6do1gxl-shard-00-00.vgtj4uh.mongodb.net
[INFO] 2025-08-15T13:03:37.753Z - MongoDB Connected: ac-6do1gxl-shard-00-01.vgtj4uh.mongodb.net
[INFO] 2025-08-15T13:04:28.189Z - MongoDB Connected: ac-6do1gxl-shard-00-00.vgtj4uh.mongodb.net
[INFO] 2025-08-15T14:04:24.871Z - MongoDB Connected: ac-6do1gxl-shard-00-00.vgtj4uh.mongodb.net
[INFO] 2025-08-15T14:05:39.848Z - MongoDB Connected: ac-6do1gxl-shard-00-02.vgtj4uh.mongodb.net
[INFO] 2025-08-15T14:06:35.760Z - MongoDB Connected: ac-6do1gxl-shard-00-00.vgtj4uh.mongodb.net
[INFO] 2025-08-15T14:11:04.830Z - MongoDB Connected: ac-6do1gxl-shard-00-00.vgtj4uh.mongodb.net
[INFO] 2025-08-15T14:11:27.614Z - MongoDB Connected: ac-6do1gxl-shard-00-01.vgtj4uh.mongodb.net
[INFO] 2025-08-15T14:11:47.792Z - MongoDB Connected: ac-6do1gxl-shard-00-01.vgtj4uh.mongodb.net
[INFO] 2025-08-15T14:12:09.641Z - MongoDB Connected: ac-6do1gxl-shard-00-01.vgtj4uh.mongodb.net
[INFO] 2025-08-15T14:13:07.802Z - MongoDB Connected: ac-6do1gxl-shard-00-02.vgtj4uh.mongodb.net
[INFO] 2025-08-15T14:14:09.102Z - MongoDB Connected: ac-6do1gxl-shard-00-02.vgtj4uh.mongodb.net
[INFO] 2025-08-15T14:15:30.558Z - MongoDB Connected: ac-6do1gxl-shard-00-00.vgtj4uh.mongodb.net
[INFO] 2025-08-15T14:15:41.434Z - MongoDB Connected: ac-6do1gxl-shard-00-01.vgtj4uh.mongodb.net
[INFO] 2025-08-15T14:16:27.465Z - MongoDB Connected: ac-6do1gxl-shard-00-01.vgtj4uh.mongodb.net
[INFO] 2025-08-15T14:16:43.521Z - MongoDB Connected: ac-6do1gxl-shard-00-01.vgtj4uh.mongodb.net
[INFO] 2025-08-15T14:17:31.664Z - MongoDB Connected: ac-6do1gxl-shard-00-01.vgtj4uh.mongodb.net
[INFO] 2025-08-15T14:18:02.272Z - MongoDB Connected: ac-6do1gxl-shard-00-01.vgtj4uh.mongodb.net
[INFO] 2025-08-15T14:18:59.477Z - MongoDB Connected: ac-6do1gxl-shard-00-01.vgtj4uh.mongodb.net
[INFO] 2025-08-15T14:19:32.788Z - MongoDB Connected: ac-6do1gxl-shard-00-00.vgtj4uh.mongodb.net
[INFO] 2025-08-15T14:20:06.967Z - MongoDB Connected: ac-6do1gxl-shard-00-01.vgtj4uh.mongodb.net
[INFO] 2025-08-15T14:21:48.327Z - MongoDB Connected: ac-6do1gxl-shard-00-01.vgtj4uh.mongodb.net
[INFO] 2025-08-15T14:22:08.350Z - MongoDB Connected: ac-6do1gxl-shard-00-01.vgtj4uh.mongodb.net
[INFO] 2025-08-15T14:22:36.183Z - MongoDB Connected: ac-6do1gxl-shard-00-02.vgtj4uh.mongodb.net
[INFO] 2025-08-15T14:23:09.506Z - MongoDB Connected: ac-6do1gxl-shard-00-02.vgtj4uh.mongodb.net
[INFO] 2025-08-15T14:24:09.607Z - MongoDB Connected: ac-6do1gxl-shard-00-01.vgtj4uh.mongodb.net
[INFO] 2025-08-15T14:24:22.535Z - MongoDB Connected: ac-6do1gxl-shard-00-01.vgtj4uh.mongodb.net
[INFO] 2025-08-15T14:25:33.657Z - MongoDB Connected: ac-6do1gxl-shard-00-02.vgtj4uh.mongodb.net
[INFO] 2025-08-15T14:26:11.259Z - MongoDB Connected: ac-6do1gxl-shard-00-01.vgtj4uh.mongodb.net
[INFO] 2025-08-15T14:26:38.795Z - MongoDB Connected: ac-6do1gxl-shard-00-02.vgtj4uh.mongodb.net
[INFO] 2025-08-15T15:01:41.793Z - MongoDB Connected: ac-6do1gxl-shard-00-02.vgtj4uh.mongodb.net
[INFO] 2025-08-15T15:02:00.673Z - MongoDB Connected: ac-6do1gxl-shard-00-02.vgtj4uh.mongodb.net
[INFO] 2025-08-15T15:02:07.681Z - MongoDB Connected: ac-6do1gxl-shard-00-02.vgtj4uh.mongodb.net
[INFO] 2025-08-16T12:50:37.758Z - MongoDB Connected: ac-6do1gxl-shard-00-00.vgtj4uh.mongodb.net
