[ERROR] 2025-08-12T20:24:47.003Z - MongoDB Connection Error: bad auth : authentication failed
[ERROR] 2025-08-13T07:00:49.332Z - MongoDB Connection Error: Could not connect to any servers in your MongoDB Atlas cluster. One common reason is that you're trying to access the database from an IP that isn't whitelisted. Make sure your current IP address is on your Atlas cluster's IP whitelist: https://www.mongodb.com/docs/atlas/security-whitelist/
[ERROR] 2025-08-13T07:03:02.708Z - MongoDB Connection Error: Could not connect to any servers in your MongoDB Atlas cluster. One common reason is that you're trying to access the database from an IP that isn't whitelisted. Make sure your current IP address is on your Atlas cluster's IP whitelist: https://www.mongodb.com/docs/atlas/security-whitelist/
[ERROR] 2025-08-13T07:04:06.654Z - MongoDB Connection Error: Could not connect to any servers in your MongoDB Atlas cluster. One common reason is that you're trying to access the database from an IP that isn't whitelisted. Make sure your current IP address is on your Atlas cluster's IP whitelist: https://www.mongodb.com/docs/atlas/security-whitelist/
[ERROR] 2025-08-13T07:05:24.902Z - MongoDB Connection Error: Could not connect to any servers in your MongoDB Atlas cluster. One common reason is that you're trying to access the database from an IP that isn't whitelisted. Make sure your current IP address is on your Atlas cluster's IP whitelist: https://www.mongodb.com/docs/atlas/security-whitelist/
[ERROR] 2025-08-13T07:06:26.807Z - MongoDB Connection Error: Could not connect to any servers in your MongoDB Atlas cluster. One common reason is that you're trying to access the database from an IP that isn't whitelisted. Make sure your current IP address is on your Atlas cluster's IP whitelist: https://www.mongodb.com/docs/atlas/security-whitelist/
[ERROR] 2025-08-13T07:07:23.788Z - MongoDB Connection Error: Could not connect to any servers in your MongoDB Atlas cluster. One common reason is that you're trying to access the database from an IP that isn't whitelisted. Make sure your current IP address is on your Atlas cluster's IP whitelist: https://www.mongodb.com/docs/atlas/security-whitelist/
[ERROR] 2025-08-13T07:08:54.742Z - MongoDB Connection Error: Could not connect to any servers in your MongoDB Atlas cluster. One common reason is that you're trying to access the database from an IP that isn't whitelisted. Make sure your current IP address is on your Atlas cluster's IP whitelist: https://www.mongodb.com/docs/atlas/security-whitelist/
[ERROR] 2025-08-13T07:09:51.290Z - MongoDB Connection Error: Could not connect to any servers in your MongoDB Atlas cluster. One common reason is that you're trying to access the database from an IP that isn't whitelisted. Make sure your current IP address is on your Atlas cluster's IP whitelist: https://www.mongodb.com/docs/atlas/security-whitelist/
[ERROR] 2025-08-13T07:12:02.719Z - MongoDB Connection Error: Could not connect to any servers in your MongoDB Atlas cluster. One common reason is that you're trying to access the database from an IP that isn't whitelisted. Make sure your current IP address is on your Atlas cluster's IP whitelist: https://www.mongodb.com/docs/atlas/security-whitelist/
[ERROR] 2025-08-13T07:13:17.563Z - MongoDB Connection Error: Could not connect to any servers in your MongoDB Atlas cluster. One common reason is that you're trying to access the database from an IP that isn't whitelisted. Make sure your current IP address is on your Atlas cluster's IP whitelist: https://www.mongodb.com/docs/atlas/security-whitelist/
[ERROR] 2025-08-13T07:14:35.548Z - MongoDB Connection Error: Could not connect to any servers in your MongoDB Atlas cluster. One common reason is that you're trying to access the database from an IP that isn't whitelisted. Make sure your current IP address is on your Atlas cluster's IP whitelist: https://www.mongodb.com/docs/atlas/security-whitelist/
[ERROR] 2025-08-13T07:19:55.630Z - MongoDB Connection Error: Could not connect to any servers in your MongoDB Atlas cluster. One common reason is that you're trying to access the database from an IP that isn't whitelisted. Make sure your current IP address is on your Atlas cluster's IP whitelist: https://www.mongodb.com/docs/atlas/security-whitelist/
[ERROR] 2025-08-13T07:22:22.516Z - MongoDB Connection Error: Could not connect to any servers in your MongoDB Atlas cluster. One common reason is that you're trying to access the database from an IP that isn't whitelisted. Make sure your current IP address is on your Atlas cluster's IP whitelist: https://www.mongodb.com/docs/atlas/security-whitelist/
[ERROR] 2025-08-13T07:31:19.246Z - MongoDB Connection Error: Could not connect to any servers in your MongoDB Atlas cluster. One common reason is that you're trying to access the database from an IP that isn't whitelisted. Make sure your current IP address is on your Atlas cluster's IP whitelist: https://www.mongodb.com/docs/atlas/security-whitelist/
[ERROR] 2025-08-13T07:33:06.998Z - MongoDB Connection Error: Could not connect to any servers in your MongoDB Atlas cluster. One common reason is that you're trying to access the database from an IP that isn't whitelisted. Make sure your current IP address is on your Atlas cluster's IP whitelist: https://www.mongodb.com/docs/atlas/security-whitelist/
[ERROR] 2025-08-13T07:33:58.666Z - MongoDB Connection Error: Could not connect to any servers in your MongoDB Atlas cluster. One common reason is that you're trying to access the database from an IP that isn't whitelisted. Make sure your current IP address is on your Atlas cluster's IP whitelist: https://www.mongodb.com/docs/atlas/security-whitelist/
[ERROR] 2025-08-13T07:39:38.689Z - MongoDB Connection Error: Could not connect to any servers in your MongoDB Atlas cluster. One common reason is that you're trying to access the database from an IP that isn't whitelisted. Make sure your current IP address is on your Atlas cluster's IP whitelist: https://www.mongodb.com/docs/atlas/security-whitelist/
[ERROR] 2025-08-13T07:41:10.485Z - MongoDB Connection Error: Could not connect to any servers in your MongoDB Atlas cluster. One common reason is that you're trying to access the database from an IP that isn't whitelisted. Make sure your current IP address is on your Atlas cluster's IP whitelist: https://www.mongodb.com/docs/atlas/security-whitelist/
[ERROR] 2025-08-13T08:29:25.096Z - MongoDB Connection Error: Could not connect to any servers in your MongoDB Atlas cluster. One common reason is that you're trying to access the database from an IP that isn't whitelisted. Make sure your current IP address is on your Atlas cluster's IP whitelist: https://www.mongodb.com/docs/atlas/security-whitelist/
[ERROR] 2025-08-13T18:06:56.995Z - MongoDB Connection Error: Could not connect to any servers in your MongoDB Atlas cluster. One common reason is that you're trying to access the database from an IP that isn't whitelisted. Make sure your current IP address is on your Atlas cluster's IP whitelist: https://www.mongodb.com/docs/atlas/security-whitelist/
[ERROR] 2025-08-13T18:08:20.427Z - MongoDB Connection Error: Could not connect to any servers in your MongoDB Atlas cluster. One common reason is that you're trying to access the database from an IP that isn't whitelisted. Make sure your current IP address is on your Atlas cluster's IP whitelist: https://www.mongodb.com/docs/atlas/security-whitelist/
[ERROR] 2025-08-13T19:20:50.701Z - 404 - GET /api/v1/import/stories
[ERROR] 2025-08-13T19:20:50.703Z - 404 - Not Found: /api/v1/import/stories - GET /api/v1/import/stories
[ERROR] 2025-08-13T19:37:39.881Z - 405 - POST /api/v1/stories
[ERROR] 2025-08-13T19:38:34.295Z - 405 - POST /api/v1/stories
[ERROR] 2025-08-13T19:38:35.855Z - 405 - POST /api/v1/stories
[ERROR] 2025-08-13T19:39:44.322Z - 404 - GET /api/v1/import/stories
[ERROR] 2025-08-13T19:39:44.325Z - 404 - Not Found: /api/v1/import/stories - GET /api/v1/import/stories
[ERROR] 2025-08-13T19:39:50.917Z - Error importing stories: ValidationError: _id: Cast to ObjectId failed for value "1" (type number) at path "_id" because of "BSONError"
[ERROR] 2025-08-14T14:35:16.253Z - MongoDB Connection Error: Could not connect to any servers in your MongoDB Atlas cluster. One common reason is that you're trying to access the database from an IP that isn't whitelisted. Make sure your current IP address is on your Atlas cluster's IP whitelist: https://www.mongodb.com/docs/atlas/security-whitelist/
[ERROR] 2025-08-14T14:40:32.083Z - MongoDB Connection Error: Could not connect to any servers in your MongoDB Atlas cluster. One common reason is that you're trying to access the database from an IP that isn't whitelisted. Make sure your current IP address is on your Atlas cluster's IP whitelist: https://www.mongodb.com/docs/atlas/security-whitelist/
[ERROR] 2025-08-14T15:25:42.169Z - Error fetching stories: TypeError: searchableFields.map is not a function
[ERROR] 2025-08-14T15:25:50.994Z - Error fetching stories: TypeError: searchableFields.map is not a function
[ERROR] 2025-08-14T15:26:16.762Z - Error fetching stories: TypeError: searchableFields.map is not a function
[ERROR] 2025-08-15T07:23:56.007Z - MongoDB Connection Error: Could not connect to any servers in your MongoDB Atlas cluster. One common reason is that you're trying to access the database from an IP that isn't whitelisted. Make sure your current IP address is on your Atlas cluster's IP whitelist: https://www.mongodb.com/docs/atlas/security-whitelist/
[ERROR] 2025-08-15T11:13:27.789Z - Error fetching story with ID 689cea69d3ee0c8c24c8f514: MongoServerError: FieldPath cannot be constructed with empty string
[ERROR] 2025-08-15T11:14:59.942Z - Error fetching story with ID 689cea69d3ee0c8c24c8f514: MongoServerError: FieldPath cannot be constructed with empty string
[ERROR] 2025-08-15T12:26:13.054Z - Error fetching story with ID 689cea69d3ee0c8c24c8f514: MongoServerError: Cannot increment with non-numeric argument: {stats: { views: 1 }}
[ERROR] 2025-08-16T12:47:11.134Z - MongoDB Connection Error: Could not connect to any servers in your MongoDB Atlas cluster. One common reason is that you're trying to access the database from an IP that isn't whitelisted. Make sure your current IP address is on your Atlas cluster's IP whitelist: https://www.mongodb.com/docs/atlas/security-whitelist/
[ERROR] 2025-08-16T22:23:25.439Z - MongoDB Connection Error: querySrv ECONNREFUSED _mongodb._tcp.cluster0.vgtj4uh.mongodb.net
[ERROR] 2025-08-17T08:28:50.732Z - MongoDB Connection Error: Could not connect to any servers in your MongoDB Atlas cluster. One common reason is that you're trying to access the database from an IP that isn't whitelisted. Make sure your current IP address is on your Atlas cluster's IP whitelist: https://www.mongodb.com/docs/atlas/security-whitelist/
[ERROR] 2025-08-20T20:33:45.964Z - MongoDB Connection Error: Could not connect to any servers in your MongoDB Atlas cluster. One common reason is that you're trying to access the database from an IP that isn't whitelisted. Make sure your current IP address is on your Atlas cluster's IP whitelist: https://www.mongodb.com/docs/atlas/security-whitelist/
[ERROR] 2025-08-20T20:36:38.196Z - MongoDB Connection Error: Could not connect to any servers in your MongoDB Atlas cluster. One common reason is that you're trying to access the database from an IP that isn't whitelisted. Make sure your current IP address is on your Atlas cluster's IP whitelist: https://www.mongodb.com/docs/atlas/security-whitelist/
[ERROR] 2025-08-20T21:17:17.595Z - Error importing timelines: ValidationError: year: Path `year` is required., region: Path `region` is required., time: Path `time` is required.
[ERROR] 2025-08-20T21:25:39.687Z - Error importing timelines: MongoBulkWriteError: E11000 duplicate key error collection: test.timelines index: slug_1 dup key: { slug: null }
[ERROR] 2025-08-20T21:29:08.411Z - 405 - POST /api/v1/timelines
[ERROR] 2025-08-20T21:33:06.298Z - Error importing timelines: MongoBulkWriteError: E11000 duplicate key error collection: test.timelines index: slug_1 dup key: { slug: null }
[ERROR] 2025-08-20T21:47:17.829Z - 405 - POST /api/v1/timelines
[ERROR] 2025-08-20T21:47:32.883Z - Error importing timelines: TypeError: this.isModified is not a function
[ERROR] 2025-08-20T21:48:40.541Z - Error importing timelines: MongoBulkWriteError: E11000 duplicate key error collection: test.timelines index: slug_1 dup key: { slug: null }
[ERROR] 2025-08-20T21:50:53.385Z - Timeline with ID 68a640c3537764ca11877e08 not found
[ERROR] 2025-08-20T22:03:35.775Z - Error importing timelines: TypeError: this.isModified is not a function
[ERROR] 2025-08-20T22:08:41.213Z - Error fetching timeline with ID colonial-period: CastError: Cast to ObjectId failed for value "colonial-period" (type string) at path "_id" for model "Timeline"
[ERROR] 2025-08-20T22:08:51.793Z - Error fetching timeline with ID colonial-period: CastError: Cast to ObjectId failed for value "colonial-period" (type string) at path "_id" for model "Timeline"
[ERROR] 2025-08-20T22:13:09.594Z - Error fetching timelines: CastError: Cast to number failed for value "i" (type string) at path "year" for model "Timeline"
[ERROR] 2025-08-20T22:13:52.616Z - Error fetching timelines: CastError: Cast to number failed for value "i" (type string) at path "year" for model "Timeline"
[ERROR] 2025-08-20T22:15:34.442Z - Error fetching timelines: CastError: Cast to number failed for value "i" (type string) at path "year" for model "Timeline"
[ERROR] 2025-08-20T22:17:26.590Z - Error fetching timelines: CastError: Cast to number failed for value "i" (type string) at path "year" for model "Timeline"
[ERROR] 2025-08-20T22:17:27.861Z - Error fetching timelines: CastError: Cast to number failed for value "i" (type string) at path "year" for model "Timeline"
[ERROR] 2025-08-20T22:18:08.124Z - Error fetching timelines: CastError: Cast to number failed for value "i" (type string) at path "year" for model "Timeline"
